<?xml version="1.0" encoding="UTF-8"?>
<testsuite name="io.socket.XHRTestSocketIO" tests="16" skipped="0" failures="2" errors="0" timestamp="2015-01-06T11:19:18" hostname="Etai" time="17.646">
  <properties/>
  <testcase name="reconnectInvalidated" classname="io.socket.XHRTestSocketIO" time="0.501"/>
  <testcase name="emitAndOn" classname="io.socket.XHRTestSocketIO" time="1.168"/>
  <testcase name="emitAndMessage" classname="io.socket.XHRTestSocketIO" time="0.631"/>
  <testcase name="acknowledge" classname="io.socket.XHRTestSocketIO" time="0.948"/>
  <testcase name="send" classname="io.socket.XHRTestSocketIO" time="0.51"/>
  <testcase name="namespaces" classname="io.socket.XHRTestSocketIO" time="1.512"/>
  <testcase name="error" classname="io.socket.XHRTestSocketIO" time="0.421"/>
  <testcase name="sendUtf8" classname="io.socket.XHRTestSocketIO" time="3.173">
    <failure message="java.lang.Exception: test timed out after 3000 milliseconds" type="java.lang.Exception">java.lang.Exception: test timed out after 3000 milliseconds
	at sun.misc.Unsafe.park(Native Method)
	at java.util.concurrent.locks.LockSupport.parkNanos(LockSupport.java:215)
	at java.util.concurrent.locks.AbstractQueuedSynchronizer$ConditionObject.awaitNanos(AbstractQueuedSynchronizer.java:2078)
	at java.util.concurrent.LinkedBlockingQueue.poll(LinkedBlockingQueue.java:467)
	at io.socket.AbstractTestSocketIO.takeEvent(AbstractTestSocketIO.java:399)
	at io.socket.AbstractTestSocketIO.sendUtf8(AbstractTestSocketIO.java:385)
	at sun.reflect.NativeMethodAccessorImpl.invoke0(Native Method)
	at sun.reflect.NativeMethodAccessorImpl.invoke(NativeMethodAccessorImpl.java:62)
	at sun.reflect.DelegatingMethodAccessorImpl.invoke(DelegatingMethodAccessorImpl.java:43)
	at java.lang.reflect.Method.invoke(Method.java:483)
	at org.junit.runners.model.FrameworkMethod$1.runReflectiveCall(FrameworkMethod.java:47)
	at org.junit.internal.runners.model.ReflectiveCallable.run(ReflectiveCallable.java:12)
	at org.junit.runners.model.FrameworkMethod.invokeExplosively(FrameworkMethod.java:44)
	at org.junit.internal.runners.statements.InvokeMethod.evaluate(InvokeMethod.java:17)
	at org.junit.internal.runners.statements.FailOnTimeout$StatementThread.run(FailOnTimeout.java:74)
</failure>
  </testcase>
  <testcase name="emitAndMessage" classname="io.socket.XHRTestSocketIO" time="0.612"/>
  <testcase name="send" classname="io.socket.XHRTestSocketIO" time="0.541"/>
  <testcase name="sendUtf8" classname="io.socket.XHRTestSocketIO" time="3.152">
    <failure message="java.lang.Exception: test timed out after 3000 milliseconds" type="java.lang.Exception">java.lang.Exception: test timed out after 3000 milliseconds
	at sun.misc.Unsafe.park(Native Method)
	at java.util.concurrent.locks.LockSupport.parkNanos(LockSupport.java:215)
	at java.util.concurrent.locks.AbstractQueuedSynchronizer$ConditionObject.awaitNanos(AbstractQueuedSynchronizer.java:2078)
	at java.util.concurrent.LinkedBlockingQueue.poll(LinkedBlockingQueue.java:467)
	at io.socket.AbstractTestSocketIO.takeEvent(AbstractTestSocketIO.java:399)
	at io.socket.AbstractTestSocketIO.sendUtf8(AbstractTestSocketIO.java:385)
	at sun.reflect.NativeMethodAccessorImpl.invoke0(Native Method)
	at sun.reflect.NativeMethodAccessorImpl.invoke(NativeMethodAccessorImpl.java:62)
	at sun.reflect.DelegatingMethodAccessorImpl.invoke(DelegatingMethodAccessorImpl.java:43)
	at java.lang.reflect.Method.invoke(Method.java:483)
	at org.junit.runners.model.FrameworkMethod$1.runReflectiveCall(FrameworkMethod.java:47)
	at org.junit.internal.runners.model.ReflectiveCallable.run(ReflectiveCallable.java:12)
	at org.junit.runners.model.FrameworkMethod.invokeExplosively(FrameworkMethod.java:44)
	at org.junit.internal.runners.statements.InvokeMethod.evaluate(InvokeMethod.java:17)
	at org.junit.internal.runners.statements.FailOnTimeout$StatementThread.run(FailOnTimeout.java:74)
</failure>
  </testcase>
  <testcase name="reconnectInvalidated" classname="io.socket.XHRTestSocketIO" time="0.391"/>
  <testcase name="error" classname="io.socket.XHRTestSocketIO" time="0.45"/>
  <testcase name="namespaces" classname="io.socket.XHRTestSocketIO" time="1.581"/>
  <testcase name="emitAndOn" classname="io.socket.XHRTestSocketIO" time="1.041"/>
  <testcase name="acknowledge" classname="io.socket.XHRTestSocketIO" time="0.984"/>
  <system-out><![CDATA[Connect with xhr-polling
Node: info: socket.io started
Out: __:OK
Line Taken: OK
Node: debug: client authorized
Node: info: handshake authorized spEhc4CSINst8pK7-GrA
Node: debug: setting request GET /socket.io/1/xhr-polling/spEhc4CSINst8pK7-GrA?t=1420543159010
Node: debug: setting poll timeout
Node: debug: client authorized for 
Node: debug: clearing poll timeout
Node: debug: xhr-polling writing 1::
Node: debug: set close timeout for client spEhc4CSINst8pK7-GrA
Node: debug: xhr-polling received data packet 1::/main:
Node: debug: client authorized for /main
Node: debug: setting request GET /socket.io/1/xhr-polling/spEhc4CSINst8pK7-GrA?t=1420543159230
Node: debug: setting poll timeout
Node: debug: clearing poll timeout
Node: debug: xhr-polling writing 1::/main
Node: debug: set close timeout for client spEhc4CSINst8pK7-GrA
onConnect
Event Taken: onConnect
Node: debug: discarding transport
Node: debug: cleared close timeout for client spEhc4CSINst8pK7-GrA
Event in Queue: onDisconnect
Connect with xhr-polling
Node: info: socket.io started
Out: __:OK
Line Taken: OK
Node: debug: client authorized
Node: info: handshake authorized lctpBdKsQ3RmkQUJ-Gya
Node: debug: setting request GET /socket.io/1/xhr-polling/lctpBdKsQ3RmkQUJ-Gya?t=1420543159503
Node: debug: setting poll timeout
Node: debug: client authorized for 
Node: debug: clearing poll timeout
Node: debug: xhr-polling writing 1::
Node: debug: set close timeout for client lctpBdKsQ3RmkQUJ-Gya
Node: debug: xhr-polling received data packet 1::/main:
Node: debug: client authorized for /main
Node: debug: setting request GET /socket.io/1/xhr-polling/lctpBdKsQ3RmkQUJ-Gya?t=1420543159716
Node: debug: setting poll timeout
Node: debug: clearing poll timeout
Node: debug: xhr-polling writing 1::/main
Node: debug: set close timeout for client lctpBdKsQ3RmkQUJ-Gya
Node: debug: discarding transport
Node: debug: cleared close timeout for client lctpBdKsQ3RmkQUJ-Gya
onConnect
Event Taken: onConnect
Node: debug: xhr-polling received data packet 5::/main:{"args":[],"name":"echo"}
Node: debug: setting request GET /socket.io/1/xhr-polling/lctpBdKsQ3RmkQUJ-Gya?t=1420543159924
Node: debug: setting poll timeout
Node: debug: clearing poll timeout
Event Taken: on
Node: debug: xhr-polling writing 5::/main:{"name":"echo"}
Node: debug: set close timeout for client lctpBdKsQ3RmkQUJ-Gya
Node: debug: discarding transport
Node: debug: cleared close timeout for client lctpBdKsQ3RmkQUJ-Gya
Node: debug: xhr-polling received data packet 5::/main:{"args":["TESTSTRING"],"name":"echo"}
Node: debug: setting request GET /socket.io/1/xhr-polling/lctpBdKsQ3RmkQUJ-Gya?t=1420543160169
Node: debug: setting poll timeout
Node: debug: clearing poll timeout
Event Taken: on
Argument Taken: TESTSTRING
Node: debug: xhr-polling writing 5::/main:{"name":"echo","args":["TESTSTRING"]}
Node: debug: set close timeout for client lctpBdKsQ3RmkQUJ-Gya
Node: debug: discarding transport
Node: debug: cleared close timeout for client lctpBdKsQ3RmkQUJ-Gya
Node: debug: xhr-polling received data packet 5::/main:{"args":[{"foo":"bar"}],"name":"echo"}
Node: debug: setting request GET /socket.io/1/xhr-polling/lctpBdKsQ3RmkQUJ-Gya?t=1420543160385
Node: debug: setting poll timeout
Node: debug: clearing poll timeout
Event Taken: on
Argument Taken: {"foo":"bar"}
Event Taken: onDisconnect
Connect with xhr-polling
Node: info: socket.io started
Out: __:OK
Line Taken: OK
Node: debug: client authorized
Node: info: handshake authorized bAIVyhQlhe_YoyN9-HEP
Node: debug: setting request GET /socket.io/1/xhr-polling/bAIVyhQlhe_YoyN9-HEP?t=1420543160612
Node: debug: setting poll timeout
Node: debug: client authorized for 
Node: debug: clearing poll timeout
Node: debug: xhr-polling writing 1::
Node: debug: set close timeout for client bAIVyhQlhe_YoyN9-HEP
Node: debug: xhr-polling received data packet 1::/main:
Node: debug: client authorized for /main
Node: debug: setting request GET /socket.io/1/xhr-polling/bAIVyhQlhe_YoyN9-HEP?t=1420543160821
Node: debug: setting poll timeout
Node: debug: clearing poll timeout
Node: debug: xhr-polling writing 1::/main
Node: debug: set close timeout for client bAIVyhQlhe_YoyN9-HEP
Node: debug: discarding transport
Node: debug: cleared close timeout for client bAIVyhQlhe_YoyN9-HEP
onConnect
Event Taken: onConnect
Node: debug: xhr-polling received data packet 5::/main:{"args":["TESTSTRING"],"name":"echoSend"}
Node: debug: setting request GET /socket.io/1/xhr-polling/bAIVyhQlhe_YoyN9-HEP?t=1420543161026
Node: debug: setting poll timeout
Node: debug: clearing poll timeout
Node: debug: xhr-polling writing 3::/main:TESTSTRING
Node: debug: set close timeout for client bAIVyhQlhe_YoyN9-HEP
Node: debug: discarding transport
Node: debug: cleared close timeout for client bAIVyhQlhe_YoyN9-HEP
Argument Taken: TESTSTRING
Event Taken: onDisconnect
Connect with xhr-polling
Node: info: socket.io started
Out: __:OK
Line Taken: OK
Node: debug: client authorized
Node: info: handshake authorized xNeCojW2X0Cfx1F7-HNj
Node: debug: setting request GET /socket.io/1/xhr-polling/xNeCojW2X0Cfx1F7-HNj?t=1420543161203
Node: debug: setting poll timeout
Node: debug: client authorized for 
Node: debug: clearing poll timeout
Node: debug: xhr-polling writing 1::
Node: debug: set close timeout for client xNeCojW2X0Cfx1F7-HNj
Node: debug: xhr-polling received data packet 1::/main:
Node: debug: client authorized for /main
Node: debug: setting request GET /socket.io/1/xhr-polling/xNeCojW2X0Cfx1F7-HNj?t=1420543161419
Node: debug: setting poll timeout
Node: debug: clearing poll timeout
Node: debug: xhr-polling writing 1::/main
Node: debug: set close timeout for client xNeCojW2X0Cfx1F7-HNj
onConnect
Node: debug: discarding transport
Event Taken: onConnect
Node: debug: cleared close timeout for client xNeCojW2X0Cfx1F7-HNj
Node: debug: xhr-polling received data packet 5:1+:/main:{"args":["TESTSTRING"],"name":"echoAck"}
Node: debug: sending data ack packet
Node: debug: setting request GET /socket.io/1/xhr-polling/xNeCojW2X0Cfx1F7-HNj?t=1420543161625
Node: debug: setting poll timeout
Node: debug: clearing poll timeout
Node: debug: xhr-polling writing 6::/main:1+["TESTSTRING"]
Node: debug: set close timeout for client xNeCojW2X0Cfx1F7-HNj
Node: debug: discarding transport
Node: debug: cleared close timeout for client xNeCojW2X0Cfx1F7-HNj
Event Taken: ack
Argument Taken: TESTSTRING
Node: debug: xhr-polling received data packet 5::/main:{"args":["TESTSTRING"],"name":"requestAcknowledge"}
Node: debug: setting request GET /socket.io/1/xhr-polling/xNeCojW2X0Cfx1F7-HNj?t=1420543161868
Node: debug: setting poll timeout
Node: debug: clearing poll timeout
Node: debug: xhr-polling writing 5:1+:/main:{"name":"requestAcknowledge","args":["TESTSTRING"]}
Node: debug: set close timeout for client xNeCojW2X0Cfx1F7-HNj
Node: debug: discarding transport
Node: debug: cleared close timeout for client xNeCojW2X0Cfx1F7-HNj
Event Taken: on
Argument Taken: TESTSTRING
Node: debug: xhr-polling received data packet 6::/main:1+["TESTSTRING"]
Out: __:ACKNOWLEDGE:TESTSTRING
Line Taken: ACKNOWLEDGE:TESTSTRING
Event Taken: onDisconnect
Connect with xhr-polling
Node: info: socket.io started
Out: __:OK
Line Taken: OK
Node: debug: client authorized
Node: info: handshake authorized mlrez3uwyp40GfpU-HcT
Node: debug: setting request GET /socket.io/1/xhr-polling/mlrez3uwyp40GfpU-HcT?t=1420543162154
Node: debug: setting poll timeout
Node: debug: client authorized for 
Node: debug: clearing poll timeout
Node: debug: xhr-polling writing 1::
Node: debug: set close timeout for client mlrez3uwyp40GfpU-HcT
Node: debug: xhr-polling received data packet 1::/main:
Node: debug: client authorized for /main
Node: debug: setting request GET /socket.io/1/xhr-polling/mlrez3uwyp40GfpU-HcT?t=1420543162387
Node: debug: setting poll timeout
Node: debug: clearing poll timeout
Node: debug: xhr-polling writing 1::/main
Node: debug: set close timeout for client mlrez3uwyp40GfpU-HcT
Node: debug: discarding transport
onConnect
Event Taken: onConnect
Node: debug: cleared close timeout for client mlrez3uwyp40GfpU-HcT
Node: debug: xhr-polling received data packet 3::/main:TESTSTRING
Out: __:MESSAGE:TESTSTRING
Line Taken: MESSAGE:TESTSTRING
Event Taken: onDisconnect
Connect with xhr-polling
Node: info: socket.io started
Out: __:OK
Line Taken: OK
Node: debug: client authorized
Node: info: handshake authorized _C7wncCug8ag1dBP-HlO
Node: debug: setting request GET /socket.io/1/xhr-polling/_C7wncCug8ag1dBP-HlO?t=1420543162732
Node: debug: setting poll timeout
Node: debug: client authorized for 
Node: debug: clearing poll timeout
Node: debug: xhr-polling writing 1::
Node: debug: set close timeout for client _C7wncCug8ag1dBP-HlO
Node: debug: xhr-polling received data packet 1::/ns1:
Node: debug: client authorized for /ns1
Node: debug: setting request GET /socket.io/1/xhr-polling/_C7wncCug8ag1dBP-HlO?t=1420543162944
Node: debug: setting poll timeout
Node: debug: clearing poll timeout
onConnect
Node: debug: xhr-polling writing 1::/ns1
Node: debug: set close timeout for client _C7wncCug8ag1dBP-HlO
Node: debug: discarding transport
Node: debug: cleared close timeout for client _C7wncCug8ag1dBP-HlO
Event Taken: onConnect
Node: debug: xhr-polling received data packet 1::/main:
Node: debug: client authorized for /main
Node: debug: setting request GET /socket.io/1/xhr-polling/_C7wncCug8ag1dBP-HlO?t=1420543163148
onConnect
Event Taken: onConnect
Event Taken: onDisconnect
Node: debug: setting poll timeout
Node: debug: clearing poll timeout
Node: debug: xhr-polling writing 1::/main
Node: debug: set close timeout for client _C7wncCug8ag1dBP-HlO
Node: debug: discarding transport
Node: debug: cleared close timeout for client _C7wncCug8ag1dBP-HlO
Node: debug: xhr-polling received data packet �7�0::/ns1�8�1::/ns2:
Node: debug: client authorized for /ns2
Node: debug: setting request GET /socket.io/1/xhr-polling/_C7wncCug8ag1dBP-HlO?t=1420543163353
Node: debug: setting poll timeout
Node: debug: clearing poll timeout
Node: debug: xhr-polling writing 1::/ns2
Node: debug: set close timeout for client _C7wncCug8ag1dBP-HlO
Node: debug: discarding transport
Node: debug: cleared close timeout for client _C7wncCug8ag1dBP-HlO
onConnect
Event Taken: onConnect
Node: debug: setting request GET /socket.io/1/xhr-polling/_C7wncCug8ag1dBP-HlO?t=1420543163465
Node: debug: setting poll timeout
Node: debug: clearing poll timeout
Node: debug: xhr-polling writing 3::/main:ns2
Node: debug: set close timeout for client _C7wncCug8ag1dBP-HlO
Node: debug: discarding transport
Node: debug: cleared close timeout for client _C7wncCug8ag1dBP-HlO
Event Taken: onMessage_string
Argument Taken: ns2
Node: debug: xhr-polling received data packet 5::/main:{"args":["TESTSTRING"],"name":"defaultns"}
Node: debug: setting request GET /socket.io/1/xhr-polling/_C7wncCug8ag1dBP-HlO?t=1420543163669
Node: debug: setting poll timeout
Node: debug: clearing poll timeout
Node: debug: xhr-polling writing 3:::TESTSTRING
Node: debug: set close timeout for client _C7wncCug8ag1dBP-HlO
Node: debug: discarding transport
Event Taken: onMessage_string
Argument Taken: TESTSTRING
Event Taken: onMessage_string
Argument Taken: TESTSTRING
Node: debug: cleared close timeout for client _C7wncCug8ag1dBP-HlO
Node: debug: client authorized
Node: info: handshake authorized dR9Id0Rbq7u3djHR-HlP
Node: debug: setting request GET /socket.io/1/xhr-polling/dR9Id0Rbq7u3djHR-HlP?t=1420543163691
Node: debug: setting poll timeout
Node: debug: client authorized for 
Node: debug: clearing poll timeout
Node: debug: xhr-polling writing 1::
Node: debug: set close timeout for client dR9Id0Rbq7u3djHR-HlP
Node: debug: setting request GET /socket.io/1/xhr-polling/_C7wncCug8ag1dBP-HlO?t=1420543163772
Node: debug: setting poll timeout
Node: debug: discarding transport
Node: debug: cleared close timeout for client _C7wncCug8ag1dBP-HlO
Node: debug: xhr-polling received data packet 1::/ns2:
Node: debug: client authorized for /ns2
Node: debug: setting request GET /socket.io/1/xhr-polling/dR9Id0Rbq7u3djHR-HlP?t=1420543163901
Node: debug: setting poll timeout
Node: debug: clearing poll timeout
Node: debug: xhr-polling writing 1::/ns2
Node: debug: set close timeout for client dR9Id0Rbq7u3djHR-HlP
Node: debug: discarding transport
Node: debug: cleared close timeout for client dR9Id0Rbq7u3djHR-HlP
onConnect
Event Taken: onConnect
Node: debug: clearing poll timeout
Node: debug: xhr-polling writing 3::/main:ns2
Node: debug: set close timeout for client _C7wncCug8ag1dBP-HlO
Event Taken: onMessage_string
Argument Taken: ns2
Event Taken: onDisconnect
Event Taken: onDisconnect
Event Taken: onDisconnect
Connect with xhr-polling
Node: info: socket.io started
Out: __:OK
Line Taken: OK
Node: debug: client authorized
Node: info: handshake authorized EkXgb4T385zs0N-U-H8I
Node: debug: setting request GET /socket.io/1/xhr-polling/EkXgb4T385zs0N-U-H8I?t=1420543164182
Node: debug: setting poll timeout
Node: debug: client authorized for 
Node: debug: clearing poll timeout
Node: debug: xhr-polling writing 1::
Node: debug: set close timeout for client EkXgb4T385zs0N-U-H8I
Node: debug: xhr-polling received data packet 1::/main:
Node: debug: client authorized for /main
Node: debug: setting request GET /socket.io/1/xhr-polling/EkXgb4T385zs0N-U-H8I?t=1420543164403
Node: debug: setting poll timeout
Node: debug: clearing poll timeout
onConnect
Event Taken: onConnect
Node: debug: xhr-polling writing 1::/main
Node: debug: set close timeout for client EkXgb4T385zs0N-U-H8I
Node: debug: discarding transport
Node: debug: cleared close timeout for client EkXgb4T385zs0N-U-H8I
Event Taken: onError
Event Taken: onDisconnect
Connect with xhr-polling
Node: info: socket.io started
Out: __:OK
Line Taken: OK
Node: debug: client authorized
Node: info: handshake authorized eRUIl1mvGytx-DQp-IC1
Node: debug: setting request GET /socket.io/1/xhr-polling/eRUIl1mvGytx-DQp-IC1?t=1420543164614
Node: debug: setting poll timeout
Node: debug: client authorized for 
Node: debug: clearing poll timeout
Node: debug: xhr-polling writing 1::
Node: debug: set close timeout for client eRUIl1mvGytx-DQp-IC1
Node: debug: xhr-polling received data packet 1::/main:
Node: debug: client authorized for /main
Node: debug: setting request GET /socket.io/1/xhr-polling/eRUIl1mvGytx-DQp-IC1?t=1420543164835
Node: debug: setting poll timeout
Node: debug: clearing poll timeout
Node: debug: xhr-polling writing 1::/main
Node: debug: set close timeout for client eRUIl1mvGytx-DQp-IC1
Node: debug: discarding transport
Node: debug: cleared close timeout for client eRUIl1mvGytx-DQp-IC1
onConnect
Event Taken: onConnect
Node: debug: xhr-polling received data packet �38�5::/main:{"args":["??"],"name":"fooo"}�38�5::/main:{"args":["??"],"name":"fooo"}
Node: debug: setting request GET /socket.io/1/xhr-polling/eRUIl1mvGytx-DQp-IC1?t=1420543165047
Node: debug: setting poll timeout
Node: debug: discarding transport
Node: debug: cleared close timeout for client eRUIl1mvGytx-DQp-IC1
Connect with xhr-polling
Node: info: socket.io started
Out: __:OK
Line Taken: OK
Node: debug: client authorized
Node: info: handshake authorized S7s704nRdMh0MjLT-I0j
Node: debug: setting request GET /socket.io/1/xhr-polling/S7s704nRdMh0MjLT-I0j?t=1420543167806
Node: debug: setting poll timeout
Node: debug: client authorized for 
Node: debug: clearing poll timeout
Node: debug: xhr-polling writing 1::
Node: debug: set close timeout for client S7s704nRdMh0MjLT-I0j
Node: debug: xhr-polling received data packet 1::/main:
Node: debug: client authorized for /main
Node: debug: setting request GET /socket.io/1/xhr-polling/S7s704nRdMh0MjLT-I0j?t=1420543168018
Node: debug: setting poll timeout
Node: debug: clearing poll timeout
Node: debug: xhr-polling writing 1::/main
Node: debug: set close timeout for client S7s704nRdMh0MjLT-I0j
Node: debug: discarding transport
Node: debug: cleared close timeout for client S7s704nRdMh0MjLT-I0j
onConnect
Event Taken: onConnect
Node: debug: xhr-polling received data packet 5::/main:{"args":["TESTSTRING"],"name":"echoSend"}
Node: debug: setting request GET /socket.io/1/xhr-polling/S7s704nRdMh0MjLT-I0j?t=1420543168223
Node: debug: setting poll timeout
Node: debug: clearing poll timeout
Argument Taken: TESTSTRING
Event Taken: onDisconnect
Node: debug: xhr-polling writing 3::/main:TESTSTRING
Node: debug: set close timeout for client S7s704nRdMh0MjLT-I0j
Node: debug: discarding transport
Node: debug: cleared close timeout for client S7s704nRdMh0MjLT-I0j
Connect with xhr-polling
Node: info: socket.io started
Out: __:OK
Line Taken: OK
Node: debug: client authorized
Node: info: handshake authorized igthiIj6UnPaktrx-I-T
Node: debug: setting request GET /socket.io/1/xhr-polling/igthiIj6UnPaktrx-I-T?t=1420543168429
Node: debug: setting poll timeout
Node: debug: client authorized for 
Node: debug: clearing poll timeout
Node: debug: xhr-polling writing 1::
Node: debug: set close timeout for client igthiIj6UnPaktrx-I-T
Node: debug: xhr-polling received data packet 1::/main:
Node: debug: client authorized for /main
Node: debug: setting request GET /socket.io/1/xhr-polling/igthiIj6UnPaktrx-I-T?t=1420543168671
Node: debug: setting poll timeout
Node: debug: clearing poll timeout
Node: debug: xhr-polling writing 1::/main
Node: debug: set close timeout for client igthiIj6UnPaktrx-I-T
Node: debug: discarding transport
Node: debug: cleared close timeout for client igthiIj6UnPaktrx-I-T
onConnect
Event Taken: onConnect
Node: debug: xhr-polling received data packet 3::/main:TESTSTRING
Out: __:MESSAGE:TESTSTRING
Line Taken: MESSAGE:TESTSTRING
Event Taken: onDisconnect
Connect with xhr-polling
Node: info: socket.io started
Out: __:OK
Line Taken: OK
Node: debug: client authorized
Node: info: handshake authorized efsGjvm18lWJMSM0-JGc
Node: debug: setting request GET /socket.io/1/xhr-polling/efsGjvm18lWJMSM0-JGc?t=1420543168940
Node: debug: setting poll timeout
Node: debug: client authorized for 
Node: debug: clearing poll timeout
Node: debug: xhr-polling writing 1::
Node: debug: set close timeout for client efsGjvm18lWJMSM0-JGc
Node: debug: xhr-polling received data packet 1::/main:
Node: debug: client authorized for /main
Node: debug: setting request GET /socket.io/1/xhr-polling/efsGjvm18lWJMSM0-JGc?t=1420543169156
Node: debug: setting poll timeout
Node: debug: clearing poll timeout
Node: debug: xhr-polling writing 1::/main
Node: debug: set close timeout for client efsGjvm18lWJMSM0-JGc
Node: debug: discarding transport
Node: debug: cleared close timeout for client efsGjvm18lWJMSM0-JGc
onConnect
Event Taken: onConnect
Node: debug: xhr-polling received data packet �38�5::/main:{"args":["??"],"name":"fooo"}�38�5::/main:{"args":["??"],"name":"fooo"}
Node: debug: setting request GET /socket.io/1/xhr-polling/efsGjvm18lWJMSM0-JGc?t=1420543169400
Node: debug: setting poll timeout
Node: debug: discarding transport
Node: debug: cleared close timeout for client efsGjvm18lWJMSM0-JGc
Connect with xhr-polling
Node: info: socket.io started
Out: __:OK
Line Taken: OK
Node: debug: client authorized
Node: info: handshake authorized zQWr5Vjbp9nMlkx1-J3v
Node: debug: setting request GET /socket.io/1/xhr-polling/zQWr5Vjbp9nMlkx1-J3v?t=1420543172097
Node: debug: setting poll timeout
Node: debug: client authorized for 
Node: debug: clearing poll timeout
Node: debug: xhr-polling writing 1::
Node: debug: set close timeout for client zQWr5Vjbp9nMlkx1-J3v
Node: debug: xhr-polling received data packet 1::/main:
Node: debug: client authorized for /main
Node: debug: setting request GET /socket.io/1/xhr-polling/zQWr5Vjbp9nMlkx1-J3v?t=1420543172317
Node: debug: setting poll timeout
Node: debug: clearing poll timeout
Node: debug: xhr-polling writing 1::/main
Node: debug: set close timeout for client zQWr5Vjbp9nMlkx1-J3v
Node: debug: discarding transport
Node: debug: cleared close timeout for client zQWr5Vjbp9nMlkx1-J3v
onConnect
Event Taken: onConnect
Event in Queue: onDisconnect
Connect with xhr-polling
Node: info: socket.io started
Out: __:OK
Line Taken: OK
Node: debug: client authorized
Node: info: handshake authorized SQZ6A4FbQv0Uk8-i-J-c
Node: debug: setting request GET /socket.io/1/xhr-polling/SQZ6A4FbQv0Uk8-i-J-c?t=1420543172533
Node: debug: setting poll timeout
Node: debug: client authorized for 
Node: debug: clearing poll timeout
Node: debug: xhr-polling writing 1::
Node: debug: set close timeout for client SQZ6A4FbQv0Uk8-i-J-c
Node: debug: xhr-polling received data packet 1::/main:
Node: debug: client authorized for /main
Node: debug: setting request GET /socket.io/1/xhr-polling/SQZ6A4FbQv0Uk8-i-J-c?t=1420543172754
Node: debug: setting poll timeout
Node: debug: clearing poll timeout
Node: debug: xhr-polling writing 1::/main
Node: debug: set close timeout for client SQZ6A4FbQv0Uk8-i-J-c
onConnect
Node: debug: discarding transport
Event Taken: onConnect
Node: debug: cleared close timeout for client SQZ6A4FbQv0Uk8-i-J-c
Event Taken: onError
Event Taken: onDisconnect
Connect with xhr-polling
Node: info: socket.io started
Out: __:OK
Line Taken: OK
Node: debug: client authorized
Node: info: handshake authorized VEpuA_3JrQ9vNLyf-KGC
Node: debug: setting request GET /socket.io/1/xhr-polling/VEpuA_3JrQ9vNLyf-KGC?t=1420543173025
Node: debug: setting poll timeout
Node: debug: client authorized for 
Node: debug: clearing poll timeout
Node: debug: xhr-polling writing 1::
Node: debug: set close timeout for client VEpuA_3JrQ9vNLyf-KGC
Node: debug: xhr-polling received data packet 1::/ns1:
Node: debug: client authorized for /ns1
Node: debug: setting request GET /socket.io/1/xhr-polling/VEpuA_3JrQ9vNLyf-KGC?t=1420543173247
Node: debug: setting poll timeout
onConnect
Event Taken: onConnect
Node: debug: clearing poll timeout
Node: debug: xhr-polling writing 1::/ns1
Node: debug: set close timeout for client VEpuA_3JrQ9vNLyf-KGC
Node: debug: discarding transport
Node: debug: cleared close timeout for client VEpuA_3JrQ9vNLyf-KGC
Node: debug: xhr-polling received data packet 1::/main:
Node: debug: client authorized for /main
Node: debug: setting request GET /socket.io/1/xhr-polling/VEpuA_3JrQ9vNLyf-KGC?t=1420543173455
onConnect
Event Taken: onConnect
Event Taken: onDisconnect
Node: debug: setting poll timeout
Node: debug: clearing poll timeout
Node: debug: xhr-polling writing 1::/main
Node: debug: set close timeout for client VEpuA_3JrQ9vNLyf-KGC
Node: debug: discarding transport
Node: debug: cleared close timeout for client VEpuA_3JrQ9vNLyf-KGC
Node: debug: xhr-polling received data packet �7�0::/ns1�8�1::/ns2:
Node: debug: client authorized for /ns2
Node: debug: setting request GET /socket.io/1/xhr-polling/VEpuA_3JrQ9vNLyf-KGC?t=1420543173696
Node: debug: setting poll timeout
Node: debug: clearing poll timeout
onConnect
Event Taken: onConnect
Node: debug: xhr-polling writing 1::/ns2
Node: debug: set close timeout for client VEpuA_3JrQ9vNLyf-KGC
Node: debug: discarding transport
Node: debug: cleared close timeout for client VEpuA_3JrQ9vNLyf-KGC
Node: debug: setting request GET /socket.io/1/xhr-polling/VEpuA_3JrQ9vNLyf-KGC?t=1420543173805
Node: debug: setting poll timeout
Node: debug: clearing poll timeout
Node: debug: xhr-polling writing 3::/main:ns2
Node: debug: set close timeout for client VEpuA_3JrQ9vNLyf-KGC
Node: debug: discarding transport
Node: debug: cleared close timeout for client VEpuA_3JrQ9vNLyf-KGC
Event Taken: onMessage_string
Argument Taken: ns2
Node: debug: xhr-polling received data packet 5::/main:{"args":["TESTSTRING"],"name":"defaultns"}
Node: debug: setting request GET /socket.io/1/xhr-polling/VEpuA_3JrQ9vNLyf-KGC?t=1420543174008
Node: debug: setting poll timeout
Node: debug: clearing poll timeout
Node: debug: xhr-polling writing 3:::TESTSTRING
Node: debug: set close timeout for client VEpuA_3JrQ9vNLyf-KGC
Node: debug: discarding transport
Node: debug: cleared close timeout for client VEpuA_3JrQ9vNLyf-KGC
Event Taken: onMessage_string
Argument Taken: TESTSTRING
Event Taken: onMessage_string
Argument Taken: TESTSTRING
Node: debug: client authorized
Node: info: handshake authorized 4As_eMQBH-sZwxWW-KGD
Node: debug: setting request GET /socket.io/1/xhr-polling/4As_eMQBH-sZwxWW-KGD?t=1420543174035
Node: debug: setting poll timeout
Node: debug: client authorized for 
Node: debug: clearing poll timeout
Node: debug: xhr-polling writing 1::
Node: debug: set close timeout for client 4As_eMQBH-sZwxWW-KGD
Node: debug: setting request GET /socket.io/1/xhr-polling/VEpuA_3JrQ9vNLyf-KGC?t=1420543174112
Node: debug: setting poll timeout
Node: debug: discarding transport
Node: debug: cleared close timeout for client VEpuA_3JrQ9vNLyf-KGC
Node: debug: xhr-polling received data packet 1::/ns2:
Node: debug: client authorized for /ns2
Node: debug: setting request GET /socket.io/1/xhr-polling/4As_eMQBH-sZwxWW-KGD?t=1420543174242
Node: debug: setting poll timeout
Node: debug: clearing poll timeout
Node: debug: xhr-polling writing 1::/ns2
Node: debug: set close timeout for client 4As_eMQBH-sZwxWW-KGD
Node: debug: discarding transport
Node: debug: cleared close timeout for client 4As_eMQBH-sZwxWW-KGD
onConnect
Event Taken: onConnect
Node: debug: clearing poll timeout
Node: debug: xhr-polling writing 3::/main:ns2
Node: debug: set close timeout for client VEpuA_3JrQ9vNLyf-KGC
Event Taken: onMessage_string
Argument Taken: ns2
Event Taken: onDisconnect
Event Taken: onDisconnect
Event Taken: onDisconnect
Connect with xhr-polling
Node: info: socket.io started
Out: __:OK
Line Taken: OK
Node: debug: client authorized
Node: info: handshake authorized nexo-VMB2TCTb00G-Kdn
Node: debug: setting request GET /socket.io/1/xhr-polling/nexo-VMB2TCTb00G-Kdn?t=1420543174523
Node: debug: setting poll timeout
Node: debug: client authorized for 
Node: debug: clearing poll timeout
Node: debug: xhr-polling writing 1::
Node: debug: set close timeout for client nexo-VMB2TCTb00G-Kdn
Node: debug: xhr-polling received data packet 1::/main:
Node: debug: client authorized for /main
Node: debug: setting request GET /socket.io/1/xhr-polling/nexo-VMB2TCTb00G-Kdn?t=1420543174745
Node: debug: setting poll timeout
Node: debug: clearing poll timeout
Node: debug: xhr-polling writing 1::/main
Node: debug: set close timeout for client nexo-VMB2TCTb00G-Kdn
Node: debug: discarding transport
Node: debug: cleared close timeout for client nexo-VMB2TCTb00G-Kdn
onConnect
Event Taken: onConnect
Node: debug: xhr-polling received data packet 5::/main:{"args":[],"name":"echo"}
Node: debug: setting request GET /socket.io/1/xhr-polling/nexo-VMB2TCTb00G-Kdn?t=1420543174954
Node: debug: setting poll timeout
Node: debug: clearing poll timeout
Node: debug: xhr-polling writing 5::/main:{"name":"echo"}
Node: debug: set close timeout for client nexo-VMB2TCTb00G-Kdn
Node: debug: discarding transport
Node: debug: cleared close timeout for client nexo-VMB2TCTb00G-Kdn
Event Taken: on
Node: debug: xhr-polling received data packet 5::/main:{"args":["TESTSTRING"],"name":"echo"}
Node: debug: setting request GET /socket.io/1/xhr-polling/nexo-VMB2TCTb00G-Kdn?t=1420543175162
Node: debug: setting poll timeout
Node: debug: clearing poll timeout
Event Taken: on
Argument Taken: TESTSTRING
Node: debug: xhr-polling writing 5::/main:{"name":"echo","args":["TESTSTRING"]}
Node: debug: set close timeout for client nexo-VMB2TCTb00G-Kdn
Node: debug: discarding transport
Node: debug: cleared close timeout for client nexo-VMB2TCTb00G-Kdn
Node: debug: xhr-polling received data packet 5::/main:{"args":[{"foo":"bar"}],"name":"echo"}
Node: debug: setting request GET /socket.io/1/xhr-polling/nexo-VMB2TCTb00G-Kdn?t=1420543175383
Node: debug: setting poll timeout
Node: debug: clearing poll timeout
Event Taken: on
Argument Taken: {"foo":"bar"}
Node: debug: xhr-polling writing 5::/main:{"name":"echo","args":[{"foo":"bar"}]}
Node: debug: set close timeout for client nexo-VMB2TCTb00G-Kdn
Node: debug: discarding transport
Node: debug: cleared close timeout for client nexo-VMB2TCTb00G-Kdn
Event Taken: onDisconnect
Connect with xhr-polling
Node: info: socket.io started
Out: __:OK
Line Taken: OK
Node: debug: client authorized
Node: info: handshake authorized uDJtpBYeQ046Mz3G-KuM
Node: debug: setting request GET /socket.io/1/xhr-polling/uDJtpBYeQ046Mz3G-KuM?t=1420543175585
Node: debug: setting poll timeout
Node: debug: client authorized for 
Node: debug: clearing poll timeout
Node: debug: xhr-polling writing 1::
Node: debug: set close timeout for client uDJtpBYeQ046Mz3G-KuM
Node: debug: xhr-polling received data packet 1::/main:
Node: debug: client authorized for /main
Node: debug: setting request GET /socket.io/1/xhr-polling/uDJtpBYeQ046Mz3G-KuM?t=1420543175811
Node: debug: setting poll timeout
Node: debug: clearing poll timeout
Node: debug: xhr-polling writing 1::/main
Node: debug: set close timeout for client uDJtpBYeQ046Mz3G-KuM
Node: debug: discarding transport
Node: debug: cleared close timeout for client uDJtpBYeQ046Mz3G-KuM
onConnect
Event Taken: onConnect
Node: debug: xhr-polling received data packet 5:1+:/main:{"args":["TESTSTRING"],"name":"echoAck"}
Node: debug: sending data ack packet
Node: debug: setting request GET /socket.io/1/xhr-polling/uDJtpBYeQ046Mz3G-KuM?t=1420543176056
Node: debug: setting poll timeout
Node: debug: clearing poll timeout
Node: debug: xhr-polling writing 6::/main:1+["TESTSTRING"]
Node: debug: set close timeout for client uDJtpBYeQ046Mz3G-KuM
Node: debug: discarding transport
Node: debug: cleared close timeout for client uDJtpBYeQ046Mz3G-KuM
Event Taken: ack
Argument Taken: TESTSTRING
Node: debug: xhr-polling received data packet 5::/main:{"args":["TESTSTRING"],"name":"requestAcknowledge"}
Node: debug: setting request GET /socket.io/1/xhr-polling/uDJtpBYeQ046Mz3G-KuM?t=1420543176262
Node: debug: setting poll timeout
Node: debug: clearing poll timeout
Node: debug: xhr-polling writing 5:1+:/main:{"name":"requestAcknowledge","args":["TESTSTRING"]}
Node: debug: set close timeout for client uDJtpBYeQ046Mz3G-KuM
Node: debug: discarding transport
Node: debug: cleared close timeout for client uDJtpBYeQ046Mz3G-KuM
Event Taken: on
Argument Taken: TESTSTRING
Node: debug: xhr-polling received data packet 6::/main:1+["TESTSTRING"]
Out: __:ACKNOWLEDGE:TESTSTRING
Line Taken: ACKNOWLEDGE:TESTSTRING
Event Taken: onDisconnect
]]></system-out>
  <system-err><![CDATA[java.net.SocketException: Socket closed
	at java.net.SocketInputStream.socketRead0(Native Method)
	at java.net.SocketInputStream.read(SocketInputStream.java:150)
	at java.net.SocketInputStream.read(SocketInputStream.java:121)
	at java.net.SocketInputStream.read(SocketInputStream.java:107)
	at io.socket.testutils.MutateProxy$Forwarder.run(MutateProxy.java:72)
Thread clientToServer
java.net.SocketException: Socket closed
	at java.net.SocketInputStream.socketRead0(Native Method)
	at java.net.SocketInputStream.read(SocketInputStream.java:150)
	at java.net.SocketInputStream.read(SocketInputStream.java:121)
	at java.net.SocketInputStream.read(SocketInputStream.java:107)
	at io.socket.testutils.MutateProxy$Forwarder.run(MutateProxy.java:72)
Jan 06, 2015 1:19:19 PM io.socket.IOConnection transportConnected
INFO: Bulk start:
Jan 06, 2015 1:19:19 PM io.socket.IOConnection transportConnected
INFO: Bulk end
Jan 06, 2015 1:19:19 PM io.socket.IOConnection transportMessage
INFO: < 1::
Jan 06, 2015 1:19:19 PM io.socket.IOConnection sendPlain
INFO: > 1::/main:
Thread serverToClient
java.net.SocketException: Socket closed
	at java.net.SocketInputStream.socketRead0(Native Method)
	at java.net.SocketInputStream.read(SocketInputStream.java:150)
	at java.net.SocketInputStream.read(SocketInputStream.java:121)
	at java.net.SocketInputStream.read(SocketInputStream.java:107)
	at io.socket.testutils.MutateProxy$Forwarder.run(MutateProxy.java:72)
java.net.ConnectException: Connection refused
	at java.net.PlainSocketImpl.socketConnect(Native Method)
	at java.net.AbstractPlainSocketImpl.doConnect(AbstractPlainSocketImpl.java:345)
	at java.net.AbstractPlainSocketImpl.connectToAddress(AbstractPlainSocketImpl.java:206)
	at java.net.AbstractPlainSocketImpl.connect(AbstractPlainSocketImpl.java:188)
	at java.net.SocksSocketImpl.connect(SocksSocketImpl.java:392)
	at java.net.Socket.connect(Socket.java:589)
	at java.net.Socket.connect(Socket.java:538)
	at java.net.Socket.<init>(Socket.java:434)
	at java.net.Socket.<init>(Socket.java:211)
	at io.socket.testutils.MutateProxy.client(MutateProxy.java:46)
	at io.socket.testutils.MutateProxy.server(MutateProxy.java:40)
	at io.socket.testutils.MutateProxy.run(MutateProxy.java:31)
Jan 06, 2015 1:19:19 PM io.socket.IOConnection transportMessage
INFO: < 1::/main
Jan 06, 2015 1:19:19 PM io.socket.IOConnection sendPlain
INFO: > 0::/main
Jan 06, 2015 1:19:19 PM io.socket.IOConnection cleanup
INFO: Cleanup
Node output end
Thread clientToServer
java.net.SocketException: Socket closed
	at java.net.SocketInputStream.socketRead0(Native Method)
	at java.net.SocketInputStream.read(SocketInputStream.java:150)
	at java.net.SocketInputStream.read(SocketInputStream.java:121)
	at java.net.SocketInputStream.read(SocketInputStream.java:107)
	at io.socket.testutils.MutateProxy$Forwarder.run(MutateProxy.java:72)
Node output end
Jan 06, 2015 1:19:19 PM io.socket.IOConnection transportConnected
INFO: Bulk start:
Jan 06, 2015 1:19:19 PM io.socket.IOConnection transportConnected
INFO: Bulk end
Jan 06, 2015 1:19:19 PM io.socket.IOConnection transportMessage
INFO: < 1::
Jan 06, 2015 1:19:19 PM io.socket.IOConnection sendPlain
INFO: > 1::/main:
Thread serverToClient
java.net.SocketException: Socket closed
	at java.net.SocketInputStream.socketRead0(Native Method)
	at java.net.SocketInputStream.read(SocketInputStream.java:150)
	at java.net.SocketInputStream.read(SocketInputStream.java:121)
	at java.net.SocketInputStream.read(SocketInputStream.java:107)
	at io.socket.testutils.MutateProxy$Forwarder.run(MutateProxy.java:72)
Jan 06, 2015 1:19:19 PM io.socket.IOConnection transportMessage
INFO: < 1::/main
Jan 06, 2015 1:19:19 PM io.socket.IOConnection sendPlain
INFO: > 5::/main:{"args":[],"name":"echo"}
Thread serverToClient
java.net.SocketException: Socket closed
	at java.net.SocketInputStream.socketRead0(Native Method)
	at java.net.SocketInputStream.read(SocketInputStream.java:150)
	at java.net.SocketInputStream.read(SocketInputStream.java:121)
	at java.net.SocketInputStream.read(SocketInputStream.java:107)
	at io.socket.testutils.MutateProxy$Forwarder.run(MutateProxy.java:72)
Jan 06, 2015 1:19:19 PM io.socket.IOConnection transportMessage
INFO: < 5::/main:{"name":"echo"}
Jan 06, 2015 1:19:19 PM io.socket.IOConnection sendPlain
INFO: > 5::/main:{"args":["TESTSTRING"],"name":"echo"}
Jan 06, 2015 1:19:20 PM io.socket.IOConnection transportMessage
INFO: < 5::/main:{"name":"echo","args":["TESTSTRING"]}
Jan 06, 2015 1:19:20 PM io.socket.IOConnection sendPlain
INFO: > 5::/main:{"args":[{"foo":"bar"}],"name":"echo"}
Jan 06, 2015 1:19:20 PM io.socket.IOConnection transportMessage
INFO: < 5::/main:{"name":"echo","args":[{"foo":"bar"}]}
Jan 06, 2015 1:19:20 PM io.socket.IOConnection sendPlain
INFO: > 0::/main
Jan 06, 2015 1:19:20 PM io.socket.IOConnection cleanup
INFO: Cleanup
Thread clientToServer
Node output end
Node output end
java.net.SocketException: Socket closed
	at java.net.SocketInputStream.socketRead0(Native Method)
	at java.net.SocketInputStream.read(SocketInputStream.java:150)
	at java.net.SocketInputStream.read(SocketInputStream.java:121)
	at java.net.SocketInputStream.read(SocketInputStream.java:107)
	at io.socket.testutils.MutateProxy$Forwarder.run(MutateProxy.java:72)
Jan 06, 2015 1:19:20 PM io.socket.IOConnection transportConnected
INFO: Bulk start:
Jan 06, 2015 1:19:20 PM io.socket.IOConnection transportConnected
INFO: Bulk end
Jan 06, 2015 1:19:20 PM io.socket.IOConnection transportMessage
INFO: < 1::
Jan 06, 2015 1:19:20 PM io.socket.IOConnection sendPlain
INFO: > 1::/main:
Thread serverToClient
java.net.SocketException: Socket closed
	at java.net.SocketInputStream.socketRead0(Native Method)
	at java.net.SocketInputStream.read(SocketInputStream.java:150)
	at java.net.SocketInputStream.read(SocketInputStream.java:121)
	at java.net.SocketInputStream.read(SocketInputStream.java:107)
	at io.socket.testutils.MutateProxy$Forwarder.run(MutateProxy.java:72)
Jan 06, 2015 1:19:20 PM io.socket.IOConnection transportMessage
INFO: < 1::/main
Jan 06, 2015 1:19:20 PM io.socket.IOConnection sendPlain
INFO: > 5::/main:{"args":["TESTSTRING"],"name":"echoSend"}
Jan 06, 2015 1:19:21 PM io.socket.IOConnection transportMessage
INFO: < 3::/main:TESTSTRING
Jan 06, 2015 1:19:21 PM io.socket.IOConnection sendPlain
INFO: > 0::/main
Jan 06, 2015 1:19:21 PM io.socket.IOConnection cleanup
INFO: Cleanup
Node output end
Node output end
Jan 06, 2015 1:19:21 PM io.socket.IOConnection transportConnected
INFO: Bulk start:
Jan 06, 2015 1:19:21 PM io.socket.IOConnection transportConnected
INFO: Bulk end
Jan 06, 2015 1:19:21 PM io.socket.IOConnection transportMessage
INFO: < 1::
Jan 06, 2015 1:19:21 PM io.socket.IOConnection sendPlain
INFO: > 1::/main:
Thread serverToClient
java.net.SocketException: Socket closed
	at java.net.SocketInputStream.socketRead0(Native Method)
	at java.net.SocketInputStream.read(SocketInputStream.java:150)
	at java.net.SocketInputStream.read(SocketInputStream.java:121)
	at java.net.SocketInputStream.read(SocketInputStream.java:107)
	at io.socket.testutils.MutateProxy$Forwarder.run(MutateProxy.java:72)
Jan 06, 2015 1:19:21 PM io.socket.IOConnection transportMessage
INFO: < 1::/main
Jan 06, 2015 1:19:21 PM io.socket.IOConnection sendPlain
INFO: > 5:1+:/main:{"args":["TESTSTRING"],"name":"echoAck"}
Jan 06, 2015 1:19:21 PM io.socket.IOConnection transportMessage
INFO: < 6::/main:1+["TESTSTRING"]
Jan 06, 2015 1:19:21 PM io.socket.IOConnection sendPlain
INFO: > 5::/main:{"args":["TESTSTRING"],"name":"requestAcknowledge"}
Jan 06, 2015 1:19:21 PM io.socket.IOConnection transportMessage
INFO: < 5:1+:/main:{"name":"requestAcknowledge","args":["TESTSTRING"]}
Jan 06, 2015 1:19:21 PM io.socket.IOConnection sendPlain
INFO: > 6::/main:1+["TESTSTRING"]
Thread serverToClient
java.net.SocketException: Socket closed
	at java.net.SocketInputStream.socketRead0(Native Method)
	at java.net.SocketInputStream.read(SocketInputStream.java:150)
	at java.net.SocketInputStream.read(SocketInputStream.java:121)
	at java.net.SocketInputStream.read(SocketInputStream.java:107)
	at io.socket.testutils.MutateProxy$Forwarder.run(MutateProxy.java:72)
Jan 06, 2015 1:19:21 PM io.socket.IOConnection sendPlain
INFO: > 0::/main
Jan 06, 2015 1:19:21 PM io.socket.IOConnection cleanup
INFO: Cleanup
Node output end
Node output end
Thread clientToServer
java.net.SocketException: Socket closed
	at java.net.SocketInputStream.socketRead0(Native Method)
	at java.net.SocketInputStream.read(SocketInputStream.java:150)
	at java.net.SocketInputStream.read(SocketInputStream.java:121)
	at java.net.SocketInputStream.read(SocketInputStream.java:107)
	at io.socket.testutils.MutateProxy$Forwarder.run(MutateProxy.java:72)
Jan 06, 2015 1:19:22 PM io.socket.IOConnection transportConnected
INFO: Bulk start:
Jan 06, 2015 1:19:22 PM io.socket.IOConnection transportConnected
INFO: Bulk end
Jan 06, 2015 1:19:22 PM io.socket.IOConnection transportMessage
INFO: < 1::
Jan 06, 2015 1:19:22 PM io.socket.IOConnection sendPlain
INFO: > 1::/main:
Thread serverToClient
java.net.SocketException: Socket closed
	at java.net.SocketInputStream.socketRead0(Native Method)
	at java.net.SocketInputStream.read(SocketInputStream.java:150)
	at java.net.SocketInputStream.read(SocketInputStream.java:121)
	at java.net.SocketInputStream.read(SocketInputStream.java:107)
	at io.socket.testutils.MutateProxy$Forwarder.run(MutateProxy.java:72)
Jan 06, 2015 1:19:22 PM io.socket.IOConnection transportMessage
INFO: < 1::/main
Jan 06, 2015 1:19:22 PM io.socket.IOConnection sendPlain
INFO: > 3::/main:TESTSTRING
Jan 06, 2015 1:19:22 PM io.socket.IOConnection sendPlain
INFO: > 0::/main
Jan 06, 2015 1:19:22 PM io.socket.IOConnection cleanup
INFO: Cleanup
Node output end
Node output end
Jan 06, 2015 1:19:22 PM io.socket.IOConnection transportConnected
INFO: Bulk start:
Jan 06, 2015 1:19:22 PM io.socket.IOConnection transportConnected
INFO: Bulk end
Jan 06, 2015 1:19:22 PM io.socket.IOConnection transportMessage
INFO: < 1::
Jan 06, 2015 1:19:22 PM io.socket.IOConnection sendPlain
INFO: > 1::/ns1:
Thread serverToClient
java.net.SocketException: Socket closed
	at java.net.SocketInputStream.socketRead0(Native Method)
	at java.net.SocketInputStream.read(SocketInputStream.java:150)
	at java.net.SocketInputStream.read(SocketInputStream.java:121)
	at java.net.SocketInputStream.read(SocketInputStream.java:107)
	at io.socket.testutils.MutateProxy$Forwarder.run(MutateProxy.java:72)
Jan 06, 2015 1:19:22 PM io.socket.IOConnection transportMessage
INFO: < 1::/ns1
Jan 06, 2015 1:19:22 PM io.socket.IOConnection sendPlain
INFO: > 1::/main:
Jan 06, 2015 1:19:23 PM io.socket.IOConnection transportMessage
INFO: < 1::/main
Jan 06, 2015 1:19:23 PM io.socket.IOConnection sendPlain
INFO: > 0::/ns1
Jan 06, 2015 1:19:23 PM io.socket.IOConnection sendPlain
INFO: > 1::/ns2:
Jan 06, 2015 1:19:23 PM io.socket.IOConnection transportMessage
INFO: < 1::/ns2
Jan 06, 2015 1:19:23 PM io.socket.IOConnection transportMessage
INFO: < 3::/main:ns2
Jan 06, 2015 1:19:23 PM io.socket.IOConnection sendPlain
INFO: > 5::/main:{"args":["TESTSTRING"],"name":"defaultns"}
Jan 06, 2015 1:19:23 PM io.socket.IOConnection transportMessage
INFO: < 3:::TESTSTRING
Jan 06, 2015 1:19:23 PM io.socket.IOConnection transportConnected
INFO: Bulk start:
Jan 06, 2015 1:19:23 PM io.socket.IOConnection transportConnected
INFO: Bulk end
Jan 06, 2015 1:19:23 PM io.socket.IOConnection transportMessage
INFO: < 1::
Jan 06, 2015 1:19:23 PM io.socket.IOConnection sendPlain
INFO: > 1::/ns2:
Thread serverToClient
java.net.SocketException: Socket closed
	at java.net.SocketInputStream.socketRead0(Native Method)
	at java.net.SocketInputStream.read(SocketInputStream.java:150)
	at java.net.SocketInputStream.read(SocketInputStream.java:121)
	at java.net.SocketInputStream.read(SocketInputStream.java:107)
	at io.socket.testutils.MutateProxy$Forwarder.run(MutateProxy.java:72)
Jan 06, 2015 1:19:23 PM io.socket.IOConnection transportMessage
INFO: < 1::/ns2
Jan 06, 2015 1:19:24 PM io.socket.IOConnection transportMessage
INFO: < 3::/main:ns2
Jan 06, 2015 1:19:24 PM io.socket.IOConnection sendPlain
INFO: > 0::/ns2
Jan 06, 2015 1:19:24 PM io.socket.IOConnection cleanup
INFO: Cleanup
Jan 06, 2015 1:19:24 PM io.socket.IOConnection sendPlain
INFO: > 0::/ns2
Jan 06, 2015 1:19:24 PM io.socket.IOConnection sendPlain
INFO: > 0::/main
Jan 06, 2015 1:19:24 PM io.socket.IOConnection cleanup
INFO: Cleanup
Node output end
Node output end
Thread clientToServer
java.net.SocketException: Socket closed
	at java.net.SocketInputStream.socketRead0(Native Method)
	at java.net.SocketInputStream.read(SocketInputStream.java:150)
	at java.net.SocketInputStream.read(SocketInputStream.java:121)
	at java.net.SocketInputStream.read(SocketInputStream.java:107)
	at io.socket.testutils.MutateProxy$Forwarder.run(MutateProxy.java:72)
Jan 06, 2015 1:19:24 PM io.socket.IOConnection transportConnected
INFO: Bulk start:
Jan 06, 2015 1:19:24 PM io.socket.IOConnection transportConnected
INFO: Bulk end
Jan 06, 2015 1:19:24 PM io.socket.IOConnection transportMessage
INFO: < 1::
Jan 06, 2015 1:19:24 PM io.socket.IOConnection sendPlain
INFO: > 1::/main:
Thread serverToClient
java.net.SocketException: Socket closed
	at java.net.SocketInputStream.socketRead0(Native Method)
	at java.net.SocketInputStream.read(SocketInputStream.java:150)
	at java.net.SocketInputStream.read(SocketInputStream.java:121)
	at java.net.SocketInputStream.read(SocketInputStream.java:107)
	at io.socket.testutils.MutateProxy$Forwarder.run(MutateProxy.java:72)
Jan 06, 2015 1:19:24 PM io.socket.IOConnection transportMessage
INFO: < 1::/main
io.socket.SocketIOException: Error while handshaking
	at io.socket.IOConnection.handshake(IOConnection.java:313)
	at io.socket.IOConnection.access$600(IOConnection.java:30)
	at io.socket.IOConnection$ConnectThread.run(IOConnection.java:190)
Caused by: java.net.ConnectException: Connection refused
	at java.net.PlainSocketImpl.socketConnect(Native Method)
	at java.net.AbstractPlainSocketImpl.doConnect(AbstractPlainSocketImpl.java:345)
	at java.net.AbstractPlainSocketImpl.connectToAddress(AbstractPlainSocketImpl.java:206)
	at java.net.AbstractPlainSocketImpl.connect(AbstractPlainSocketImpl.java:188)
	at java.net.SocksSocketImpl.connect(SocksSocketImpl.java:392)
	at java.net.Socket.connect(Socket.java:589)
	at sun.net.NetworkClient.doConnect(NetworkClient.java:175)
	at sun.net.www.http.HttpClient.openServer(HttpClient.java:432)
	at sun.net.www.http.HttpClient.openServer(HttpClient.java:527)
	at sun.net.www.http.HttpClient.<init>(HttpClient.java:211)
	at sun.net.www.http.HttpClient.New(HttpClient.java:308)
	at sun.net.www.http.HttpClient.New(HttpClient.java:326)
	at sun.net.www.protocol.http.HttpURLConnection.getNewHttpClient(HttpURLConnection.java:1167)
	at sun.net.www.protocol.http.HttpURLConnection.plainConnect0(HttpURLConnection.java:1103)
	at sun.net.www.protocol.http.HttpURLConnection.plainConnect(HttpURLConnection.java:997)
	at sun.net.www.protocol.http.HttpURLConnection.connect(HttpURLConnection.java:931)
	at sun.net.www.protocol.http.HttpURLConnection.getInputStream0(HttpURLConnection.java:1511)
	at sun.net.www.protocol.http.HttpURLConnection.getInputStream(HttpURLConnection.java:1439)
	at io.socket.IOConnection.handshake(IOConnection.java:304)
	... 2 more
Jan 06, 2015 1:19:24 PM io.socket.IOConnection cleanup
INFO: Cleanup
Jan 06, 2015 1:19:24 PM io.socket.IOConnection sendPlain
INFO: > 0::/main
Jan 06, 2015 1:19:24 PM io.socket.IOConnection cleanup
INFO: Cleanup
Node output end
Node output end
Thread clientToServer
java.net.SocketException: Socket closed
	at java.net.SocketInputStream.socketRead0(Native Method)
	at java.net.SocketInputStream.read(SocketInputStream.java:150)
	at java.net.SocketInputStream.read(SocketInputStream.java:121)
	at java.net.SocketInputStream.read(SocketInputStream.java:107)
	at io.socket.testutils.MutateProxy$Forwarder.run(MutateProxy.java:72)
Jan 06, 2015 1:19:24 PM io.socket.IOConnection transportConnected
INFO: Bulk start:
Jan 06, 2015 1:19:24 PM io.socket.IOConnection transportConnected
INFO: Bulk end
Jan 06, 2015 1:19:24 PM io.socket.IOConnection transportMessage
INFO: < 1::
Jan 06, 2015 1:19:24 PM io.socket.IOConnection sendPlain
INFO: > 1::/main:
Thread serverToClient
java.net.SocketException: Socket closed
	at java.net.SocketInputStream.socketRead0(Native Method)
	at java.net.SocketInputStream.read(SocketInputStream.java:150)
	at java.net.SocketInputStream.read(SocketInputStream.java:121)
	at java.net.SocketInputStream.read(SocketInputStream.java:107)
	at io.socket.testutils.MutateProxy$Forwarder.run(MutateProxy.java:72)
Jan 06, 2015 1:19:24 PM io.socket.IOConnection transportMessage
INFO: < 1::/main
Jan 06, 2015 1:19:24 PM io.socket.IOConnection sendPlain
INFO: > 5::/main:{"args":["??"],"name":"fooo"}
Jan 06, 2015 1:19:24 PM io.socket.IOConnection sendPlain
INFO: > 5::/main:{"args":["??"],"name":"fooo"}
Node output end
Node output end
Thread clientToServer
java.net.SocketException: Socket closed
	at java.net.SocketInputStream.socketRead0(Native Method)
	at java.net.SocketInputStream.read(SocketInputStream.java:150)
	at java.net.SocketInputStream.read(SocketInputStream.java:121)
	at java.net.SocketInputStream.read(SocketInputStream.java:107)
	at io.socket.testutils.MutateProxy$Forwarder.run(MutateProxy.java:72)
java.net.ConnectException: Connection refused
	at java.net.PlainSocketImpl.socketConnect(Native Method)
	at java.net.AbstractPlainSocketImpl.doConnect(AbstractPlainSocketImpl.java:345)
	at java.net.AbstractPlainSocketImpl.connectToAddress(AbstractPlainSocketImpl.java:206)
	at java.net.AbstractPlainSocketImpl.connect(AbstractPlainSocketImpl.java:188)
	at java.net.SocksSocketImpl.connect(SocksSocketImpl.java:392)
	at java.net.Socket.connect(Socket.java:589)
	at java.net.Socket.connect(Socket.java:538)
	at java.net.Socket.<init>(Socket.java:434)
	at java.net.Socket.<init>(Socket.java:211)
	at io.socket.testutils.MutateProxy.client(MutateProxy.java:46)
	at io.socket.testutils.MutateProxy.server(MutateProxy.java:40)
	at io.socket.testutils.MutateProxy.run(MutateProxy.java:31)
Jan 06, 2015 1:19:27 PM io.socket.IOConnection transportConnected
INFO: Bulk start:
Jan 06, 2015 1:19:27 PM io.socket.IOConnection transportConnected
INFO: Bulk end
Jan 06, 2015 1:19:27 PM io.socket.IOConnection transportMessage
INFO: < 1::
Jan 06, 2015 1:19:27 PM io.socket.IOConnection sendPlain
INFO: > 1::/main:
Thread serverToClient
java.net.SocketException: Socket closed
	at java.net.SocketInputStream.socketRead0(Native Method)
	at java.net.SocketInputStream.read(SocketInputStream.java:150)
	at java.net.SocketInputStream.read(SocketInputStream.java:121)
	at java.net.SocketInputStream.read(SocketInputStream.java:107)
	at io.socket.testutils.MutateProxy$Forwarder.run(MutateProxy.java:72)
Jan 06, 2015 1:19:28 PM io.socket.IOConnection transportMessage
INFO: < 1::/main
Jan 06, 2015 1:19:28 PM io.socket.IOConnection sendPlain
INFO: > 5::/main:{"args":["TESTSTRING"],"name":"echoSend"}
Jan 06, 2015 1:19:28 PM io.socket.IOConnection transportMessage
INFO: < 3::/main:TESTSTRING
Jan 06, 2015 1:19:28 PM io.socket.IOConnection sendPlain
INFO: > 0::/main
Jan 06, 2015 1:19:28 PM io.socket.IOConnection cleanup
INFO: Cleanup
Node output end
Node output end
Thread clientToServer
java.net.SocketException: Socket closed
	at java.net.SocketInputStream.socketRead0(Native Method)
	at java.net.SocketInputStream.read(SocketInputStream.java:150)
	at java.net.SocketInputStream.read(SocketInputStream.java:121)
	at java.net.SocketInputStream.read(SocketInputStream.java:107)
	at io.socket.testutils.MutateProxy$Forwarder.run(MutateProxy.java:72)
Jan 06, 2015 1:19:28 PM io.socket.IOConnection transportConnected
INFO: Bulk start:
Jan 06, 2015 1:19:28 PM io.socket.IOConnection transportConnected
INFO: Bulk end
Jan 06, 2015 1:19:28 PM io.socket.IOConnection transportMessage
INFO: < 1::
Jan 06, 2015 1:19:28 PM io.socket.IOConnection sendPlain
INFO: > 1::/main:
Thread serverToClient
java.net.SocketException: Socket closed
	at java.net.SocketInputStream.socketRead0(Native Method)
	at java.net.SocketInputStream.read(SocketInputStream.java:150)
	at java.net.SocketInputStream.read(SocketInputStream.java:121)
	at java.net.SocketInputStream.read(SocketInputStream.java:107)
	at io.socket.testutils.MutateProxy$Forwarder.run(MutateProxy.java:72)
Jan 06, 2015 1:19:28 PM io.socket.IOConnection transportMessage
INFO: < 1::/main
Jan 06, 2015 1:19:28 PM io.socket.IOConnection sendPlain
INFO: > 3::/main:TESTSTRING
Jan 06, 2015 1:19:28 PM io.socket.IOConnection sendPlain
INFO: > 0::/main
Jan 06, 2015 1:19:28 PM io.socket.IOConnection cleanup
INFO: Cleanup
Node output end
Node output end
Thread clientToServer
java.net.SocketException: Socket closed
	at java.net.SocketInputStream.socketRead0(Native Method)
	at java.net.SocketInputStream.read(SocketInputStream.java:150)
	at java.net.SocketInputStream.read(SocketInputStream.java:121)
	at java.net.SocketInputStream.read(SocketInputStream.java:107)
	at io.socket.testutils.MutateProxy$Forwarder.run(MutateProxy.java:72)
Jan 06, 2015 1:19:28 PM io.socket.IOConnection transportConnected
INFO: Bulk start:
Jan 06, 2015 1:19:28 PM io.socket.IOConnection transportConnected
INFO: Bulk end
Jan 06, 2015 1:19:28 PM io.socket.IOConnection transportMessage
INFO: < 1::
Jan 06, 2015 1:19:28 PM io.socket.IOConnection sendPlain
INFO: > 1::/main:
Thread serverToClient
java.net.SocketException: Socket closed
	at java.net.SocketInputStream.socketRead0(Native Method)
	at java.net.SocketInputStream.read(SocketInputStream.java:150)
	at java.net.SocketInputStream.read(SocketInputStream.java:121)
	at java.net.SocketInputStream.read(SocketInputStream.java:107)
	at io.socket.testutils.MutateProxy$Forwarder.run(MutateProxy.java:72)
Jan 06, 2015 1:19:29 PM io.socket.IOConnection transportMessage
INFO: < 1::/main
Jan 06, 2015 1:19:29 PM io.socket.IOConnection sendPlain
INFO: > 5::/main:{"args":["??"],"name":"fooo"}
Jan 06, 2015 1:19:29 PM io.socket.IOConnection sendPlain
INFO: > 5::/main:{"args":["??"],"name":"fooo"}
Node output end
Node output end
Thread clientToServer
java.net.SocketException: Socket closed
	at java.net.SocketInputStream.socketRead0(Native Method)
	at java.net.SocketInputStream.read(SocketInputStream.java:150)
	at java.net.SocketInputStream.read(SocketInputStream.java:121)
	at java.net.SocketInputStream.read(SocketInputStream.java:107)
	at io.socket.testutils.MutateProxy$Forwarder.run(MutateProxy.java:72)
java.net.ConnectException: Connection refused
	at java.net.PlainSocketImpl.socketConnect(Native Method)
	at java.net.AbstractPlainSocketImpl.doConnect(AbstractPlainSocketImpl.java:345)
	at java.net.AbstractPlainSocketImpl.connectToAddress(AbstractPlainSocketImpl.java:206)
	at java.net.AbstractPlainSocketImpl.connect(AbstractPlainSocketImpl.java:188)
	at java.net.SocksSocketImpl.connect(SocksSocketImpl.java:392)
	at java.net.Socket.connect(Socket.java:589)
	at java.net.Socket.connect(Socket.java:538)
	at java.net.Socket.<init>(Socket.java:434)
	at java.net.Socket.<init>(Socket.java:211)
	at io.socket.testutils.MutateProxy.client(MutateProxy.java:46)
	at io.socket.testutils.MutateProxy.server(MutateProxy.java:40)
	at io.socket.testutils.MutateProxy.run(MutateProxy.java:31)
Jan 06, 2015 1:19:32 PM io.socket.IOConnection transportConnected
INFO: Bulk start:
Jan 06, 2015 1:19:32 PM io.socket.IOConnection transportConnected
INFO: Bulk end
Jan 06, 2015 1:19:32 PM io.socket.IOConnection transportMessage
INFO: < 1::
Jan 06, 2015 1:19:32 PM io.socket.IOConnection sendPlain
INFO: > 1::/main:
Thread serverToClient
java.net.SocketException: Socket closed
	at java.net.SocketInputStream.socketRead0(Native Method)
	at java.net.SocketInputStream.read(SocketInputStream.java:150)
	at java.net.SocketInputStream.read(SocketInputStream.java:121)
	at java.net.SocketInputStream.read(SocketInputStream.java:107)
	at io.socket.testutils.MutateProxy$Forwarder.run(MutateProxy.java:72)
Jan 06, 2015 1:19:32 PM io.socket.IOConnection transportMessage
INFO: < 1::/main
Jan 06, 2015 1:19:32 PM io.socket.IOConnection sendPlain
INFO: > 0::/main
Jan 06, 2015 1:19:32 PM io.socket.IOConnection cleanup
INFO: Cleanup
Node output end
Node output end
Thread clientToServer
java.net.SocketException: Socket closed
	at java.net.SocketInputStream.socketRead0(Native Method)
	at java.net.SocketInputStream.read(SocketInputStream.java:150)
	at java.net.SocketInputStream.read(SocketInputStream.java:121)
	at java.net.SocketInputStream.read(SocketInputStream.java:107)
	at io.socket.testutils.MutateProxy$Forwarder.run(MutateProxy.java:72)
Jan 06, 2015 1:19:32 PM io.socket.IOConnection transportConnected
INFO: Bulk start:
Jan 06, 2015 1:19:32 PM io.socket.IOConnection transportConnected
INFO: Bulk end
Jan 06, 2015 1:19:32 PM io.socket.IOConnection transportMessage
INFO: < 1::
Jan 06, 2015 1:19:32 PM io.socket.IOConnection sendPlain
INFO: > 1::/main:
Thread serverToClient
java.net.SocketException: Socket closed
	at java.net.SocketInputStream.socketRead0(Native Method)
	at java.net.SocketInputStream.read(SocketInputStream.java:150)
	at java.net.SocketInputStream.read(SocketInputStream.java:121)
	at java.net.SocketInputStream.read(SocketInputStream.java:107)
	at io.socket.testutils.MutateProxy$Forwarder.run(MutateProxy.java:72)
Jan 06, 2015 1:19:32 PM io.socket.IOConnection transportMessage
INFO: < 1::/main
io.socket.SocketIOException: Error while handshaking
	at io.socket.IOConnection.handshake(IOConnection.java:313)
	at io.socket.IOConnection.access$600(IOConnection.java:30)
	at io.socket.IOConnection$ConnectThread.run(IOConnection.java:190)
Caused by: java.net.ConnectException: Connection refused
	at java.net.PlainSocketImpl.socketConnect(Native Method)
	at java.net.AbstractPlainSocketImpl.doConnect(AbstractPlainSocketImpl.java:345)
	at java.net.AbstractPlainSocketImpl.connectToAddress(AbstractPlainSocketImpl.java:206)
	at java.net.AbstractPlainSocketImpl.connect(AbstractPlainSocketImpl.java:188)
	at java.net.SocksSocketImpl.connect(SocksSocketImpl.java:392)
	at java.net.Socket.connect(Socket.java:589)
	at sun.net.NetworkClient.doConnect(NetworkClient.java:175)
	at sun.net.www.http.HttpClient.openServer(HttpClient.java:432)
	at sun.net.www.http.HttpClient.openServer(HttpClient.java:527)
	at sun.net.www.http.HttpClient.<init>(HttpClient.java:211)
	at sun.net.www.http.HttpClient.New(HttpClient.java:308)
	at sun.net.www.http.HttpClient.New(HttpClient.java:326)
	at sun.net.www.protocol.http.HttpURLConnection.getNewHttpClient(HttpURLConnection.java:1167)
	at sun.net.www.protocol.http.HttpURLConnection.plainConnect0(HttpURLConnection.java:1103)
	at sun.net.www.protocol.http.HttpURLConnection.plainConnect(HttpURLConnection.java:997)
	at sun.net.www.protocol.http.HttpURLConnection.connect(HttpURLConnection.java:931)
	at sun.net.www.protocol.http.HttpURLConnection.getInputStream0(HttpURLConnection.java:1511)
	at sun.net.www.protocol.http.HttpURLConnection.getInputStream(HttpURLConnection.java:1439)
	at io.socket.IOConnection.handshake(IOConnection.java:304)
	... 2 more
Jan 06, 2015 1:19:32 PM io.socket.IOConnection sendPlain
INFO: > 0::/main
Jan 06, 2015 1:19:32 PM io.socket.IOConnection cleanup
INFO: Cleanup
Jan 06, 2015 1:19:32 PM io.socket.IOConnection cleanup
INFO: Cleanup
Node output end
Node output end
Thread clientToServer
java.net.SocketException: Socket closed
	at java.net.SocketInputStream.socketRead0(Native Method)
	at java.net.SocketInputStream.read(SocketInputStream.java:150)
	at java.net.SocketInputStream.read(SocketInputStream.java:121)
	at java.net.SocketInputStream.read(SocketInputStream.java:107)
	at io.socket.testutils.MutateProxy$Forwarder.run(MutateProxy.java:72)
Jan 06, 2015 1:19:33 PM io.socket.IOConnection transportConnected
INFO: Bulk start:
Jan 06, 2015 1:19:33 PM io.socket.IOConnection transportConnected
INFO: Bulk end
Jan 06, 2015 1:19:33 PM io.socket.IOConnection transportMessage
INFO: < 1::
Jan 06, 2015 1:19:33 PM io.socket.IOConnection sendPlain
INFO: > 1::/ns1:
Thread serverToClient
java.net.SocketException: Socket closed
	at java.net.SocketInputStream.socketRead0(Native Method)
	at java.net.SocketInputStream.read(SocketInputStream.java:150)
	at java.net.SocketInputStream.read(SocketInputStream.java:121)
	at java.net.SocketInputStream.read(SocketInputStream.java:107)
	at io.socket.testutils.MutateProxy$Forwarder.run(MutateProxy.java:72)
Jan 06, 2015 1:19:33 PM io.socket.IOConnection transportMessage
INFO: < 1::/ns1
Jan 06, 2015 1:19:33 PM io.socket.IOConnection sendPlain
INFO: > 1::/main:
Jan 06, 2015 1:19:33 PM io.socket.IOConnection transportMessage
INFO: < 1::/main
Jan 06, 2015 1:19:33 PM io.socket.IOConnection sendPlain
INFO: > 0::/ns1
Jan 06, 2015 1:19:33 PM io.socket.IOConnection sendPlain
INFO: > 1::/ns2:
Jan 06, 2015 1:19:33 PM io.socket.IOConnection transportMessage
INFO: < 1::/ns2
Jan 06, 2015 1:19:33 PM io.socket.IOConnection transportMessage
INFO: < 3::/main:ns2
Jan 06, 2015 1:19:33 PM io.socket.IOConnection sendPlain
INFO: > 5::/main:{"args":["TESTSTRING"],"name":"defaultns"}
Jan 06, 2015 1:19:34 PM io.socket.IOConnection transportMessage
INFO: < 3:::TESTSTRING
Jan 06, 2015 1:19:34 PM io.socket.IOConnection transportConnected
INFO: Bulk start:
Jan 06, 2015 1:19:34 PM io.socket.IOConnection transportConnected
INFO: Bulk end
Jan 06, 2015 1:19:34 PM io.socket.IOConnection transportMessage
INFO: < 1::
Jan 06, 2015 1:19:34 PM io.socket.IOConnection sendPlain
INFO: > 1::/ns2:
Thread serverToClient
java.net.SocketException: Socket closed
	at java.net.SocketInputStream.socketRead0(Native Method)
	at java.net.SocketInputStream.read(SocketInputStream.java:150)
	at java.net.SocketInputStream.read(SocketInputStream.java:121)
	at java.net.SocketInputStream.read(SocketInputStream.java:107)
	at io.socket.testutils.MutateProxy$Forwarder.run(MutateProxy.java:72)
Jan 06, 2015 1:19:34 PM io.socket.IOConnection transportMessage
INFO: < 1::/ns2
Jan 06, 2015 1:19:34 PM io.socket.IOConnection transportMessage
INFO: < 3::/main:ns2
Jan 06, 2015 1:19:34 PM io.socket.IOConnection sendPlain
INFO: > 0::/ns2
Jan 06, 2015 1:19:34 PM io.socket.IOConnection cleanup
INFO: Cleanup
Jan 06, 2015 1:19:34 PM io.socket.IOConnection sendPlain
INFO: > 0::/ns2
Jan 06, 2015 1:19:34 PM io.socket.IOConnection sendPlain
INFO: > 0::/main
Jan 06, 2015 1:19:34 PM io.socket.IOConnection cleanup
INFO: Cleanup
Node output end
Node output end
Thread clientToServer
java.net.SocketException: Socket closed
	at java.net.SocketInputStream.socketRead0(Native Method)
	at java.net.SocketInputStream.read(SocketInputStream.java:150)
	at java.net.SocketInputStream.read(SocketInputStream.java:121)
	at java.net.SocketInputStream.read(SocketInputStream.java:107)
	at io.socket.testutils.MutateProxy$Forwarder.run(MutateProxy.java:72)
Thread clientToServer
java.net.SocketException: Socket closed
	at java.net.SocketInputStream.socketRead0(Native Method)
	at java.net.SocketInputStream.read(SocketInputStream.java:150)
	at java.net.SocketInputStream.read(SocketInputStream.java:121)
	at java.net.SocketInputStream.read(SocketInputStream.java:107)
	at io.socket.testutils.MutateProxy$Forwarder.run(MutateProxy.java:72)
Jan 06, 2015 1:19:34 PM io.socket.IOConnection transportConnected
INFO: Bulk start:
Jan 06, 2015 1:19:34 PM io.socket.IOConnection transportConnected
INFO: Bulk end
Jan 06, 2015 1:19:34 PM io.socket.IOConnection transportMessage
INFO: < 1::
Jan 06, 2015 1:19:34 PM io.socket.IOConnection sendPlain
INFO: > 1::/main:
Thread serverToClient
java.net.SocketException: Socket closed
	at java.net.SocketInputStream.socketRead0(Native Method)
	at java.net.SocketInputStream.read(SocketInputStream.java:150)
	at java.net.SocketInputStream.read(SocketInputStream.java:121)
	at java.net.SocketInputStream.read(SocketInputStream.java:107)
	at io.socket.testutils.MutateProxy$Forwarder.run(MutateProxy.java:72)
Jan 06, 2015 1:19:34 PM io.socket.IOConnection transportMessage
INFO: < 1::/main
Jan 06, 2015 1:19:34 PM io.socket.IOConnection sendPlain
INFO: > 5::/main:{"args":[],"name":"echo"}
Jan 06, 2015 1:19:34 PM io.socket.IOConnection transportMessage
INFO: < 5::/main:{"name":"echo"}
Jan 06, 2015 1:19:34 PM io.socket.IOConnection sendPlain
INFO: > 5::/main:{"args":["TESTSTRING"],"name":"echo"}
Jan 06, 2015 1:19:35 PM io.socket.IOConnection transportMessage
INFO: < 5::/main:{"name":"echo","args":["TESTSTRING"]}
Jan 06, 2015 1:19:35 PM io.socket.IOConnection sendPlain
INFO: > 5::/main:{"args":[{"foo":"bar"}],"name":"echo"}
Jan 06, 2015 1:19:35 PM io.socket.IOConnection transportMessage
INFO: < 5::/main:{"name":"echo","args":[{"foo":"bar"}]}
Jan 06, 2015 1:19:35 PM io.socket.IOConnection sendPlain
INFO: > 0::/main
Jan 06, 2015 1:19:35 PM io.socket.IOConnection cleanup
INFO: Cleanup
Node output end
Node output end
Thread clientToServer
java.net.SocketException: Socket closed
	at java.net.SocketInputStream.socketRead0(Native Method)
	at java.net.SocketInputStream.read(SocketInputStream.java:150)
	at java.net.SocketInputStream.read(SocketInputStream.java:121)
	at java.net.SocketInputStream.read(SocketInputStream.java:107)
	at io.socket.testutils.MutateProxy$Forwarder.run(MutateProxy.java:72)
Jan 06, 2015 1:19:35 PM io.socket.IOConnection transportConnected
INFO: Bulk start:
Jan 06, 2015 1:19:35 PM io.socket.IOConnection transportConnected
INFO: Bulk end
Jan 06, 2015 1:19:35 PM io.socket.IOConnection transportMessage
INFO: < 1::
Jan 06, 2015 1:19:35 PM io.socket.IOConnection sendPlain
INFO: > 1::/main:
Thread serverToClient
java.net.SocketException: Socket closed
	at java.net.SocketInputStream.socketRead0(Native Method)
	at java.net.SocketInputStream.read(SocketInputStream.java:150)
	at java.net.SocketInputStream.read(SocketInputStream.java:121)
	at java.net.SocketInputStream.read(SocketInputStream.java:107)
	at io.socket.testutils.MutateProxy$Forwarder.run(MutateProxy.java:72)
Jan 06, 2015 1:19:35 PM io.socket.IOConnection transportMessage
INFO: < 1::/main
Jan 06, 2015 1:19:35 PM io.socket.IOConnection sendPlain
INFO: > 5:1+:/main:{"args":["TESTSTRING"],"name":"echoAck"}
Jan 06, 2015 1:19:36 PM io.socket.IOConnection transportMessage
INFO: < 6::/main:1+["TESTSTRING"]
Jan 06, 2015 1:19:36 PM io.socket.IOConnection sendPlain
INFO: > 5::/main:{"args":["TESTSTRING"],"name":"requestAcknowledge"}
Jan 06, 2015 1:19:36 PM io.socket.IOConnection transportMessage
INFO: < 5:1+:/main:{"name":"requestAcknowledge","args":["TESTSTRING"]}
Jan 06, 2015 1:19:36 PM io.socket.IOConnection sendPlain
INFO: > 6::/main:1+["TESTSTRING"]
Thread serverToClient
java.net.SocketException: Socket closed
	at java.net.SocketInputStream.socketRead0(Native Method)
	at java.net.SocketInputStream.read(SocketInputStream.java:150)
	at java.net.SocketInputStream.read(SocketInputStream.java:121)
	at java.net.SocketInputStream.read(SocketInputStream.java:107)
	at io.socket.testutils.MutateProxy$Forwarder.run(MutateProxy.java:72)
Jan 06, 2015 1:19:36 PM io.socket.IOConnection sendPlain
INFO: > 0::/main
Jan 06, 2015 1:19:36 PM io.socket.IOConnection cleanup
INFO: Cleanup
Node output end
Node output end
]]></system-err>
</testsuite>
