<?xml version="1.0" encoding="UTF-8"?>
<testsuite name="io.socket.AllTests" tests="0" skipped="0" failures="0" errors="0" timestamp="1970-01-01T00:00:00" hostname="Etai" time="0.0">
  <properties/>
  <system-out><![CDATA[]]></system-out>
  <system-err><![CDATA[Thread clientToServer
java.net.SocketException: Socket closed
	at java.net.SocketInputStream.socketRead0(Native Method)
	at java.net.SocketInputStream.read(SocketInputStream.java:150)
	at java.net.SocketInputStream.read(SocketInputStream.java:121)
	at java.net.SocketInputStream.read(SocketInputStream.java:107)
	at io.socket.testutils.MutateProxy$Forwarder.run(MutateProxy.java:72)
Thread clientToServer
java.net.SocketException: Socket closed
	at java.net.SocketInputStream.socketRead0(Native Method)
	at java.net.SocketInputStream.read(SocketInputStream.java:150)
	at java.net.SocketInputStream.read(SocketInputStream.java:121)
	at java.net.SocketInputStream.read(SocketInputStream.java:107)
	at io.socket.testutils.MutateProxy$Forwarder.run(MutateProxy.java:72)
Thread clientToServer
java.net.SocketException: Socket closed
	at java.net.SocketInputStream.socketRead0(Native Method)
	at java.net.SocketInputStream.read(SocketInputStream.java:150)
	at java.net.SocketInputStream.read(SocketInputStream.java:121)
	at java.net.SocketInputStream.read(SocketInputStream.java:107)
	at io.socket.testutils.MutateProxy$Forwarder.run(MutateProxy.java:72)
Thread clientToServer
Thread clientToServer
java.net.SocketException: Socket closed
	at java.net.SocketInputStream.socketRead0(Native Method)
	at java.net.SocketInputStream.read(SocketInputStream.java:150)
	at java.net.SocketInputStream.read(SocketInputStream.java:121)
	at java.net.SocketInputStream.read(SocketInputStream.java:107)
	at io.socket.testutils.MutateProxy$Forwarder.run(MutateProxy.java:72)
Thread clientToServer
java.net.SocketException: Socket closed
	at java.net.SocketInputStream.socketRead0(Native Method)
	at java.net.SocketInputStream.read(SocketInputStream.java:150)
	at java.net.SocketInputStream.read(SocketInputStream.java:121)
	at java.net.SocketInputStream.read(SocketInputStream.java:107)
	at io.socket.testutils.MutateProxy$Forwarder.run(MutateProxy.java:72)
Thread clientToServer
java.net.SocketException: Socket closed
	at java.net.SocketInputStream.socketRead0(Native Method)
	at java.net.SocketInputStream.read(SocketInputStream.java:150)
	at java.net.SocketInputStream.read(SocketInputStream.java:121)
	at java.net.SocketInputStream.read(SocketInputStream.java:107)
	at io.socket.testutils.MutateProxy$Forwarder.run(MutateProxy.java:72)
]]></system-err>
</testsuite>
